#
# There is insufficient memory for the Java Runtime Environment to continue.
# Native memory allocation (mmap) failed to map 257949696 bytes for G1 virtual space
# Possible reasons:
#   The system is out of physical RAM or swap space
#   The process is running with CompressedOops enabled, and the Java Heap may be blocking the growth of the native heap
# Possible solutions:
#   Reduce memory load on the system
#   Increase physical memory or swap space
#   Check if swap backing store is full
#   Decrease Java heap size (-Xmx/-Xms)
#   Decrease number of Java threads
#   Decrease Java thread stack sizes (-Xss)
#   Set larger code cache with -XX:ReservedCodeCacheSize=
#   JVM is running with Zero Based Compressed Oops mode in which the Java heap is
#     placed in the first 32GB address space. The Java Heap base address is the
#     maximum limit for the native heap growth. Please use -XX:HeapBaseMinAddress
#     to set the Java Heap base and to place the Java Heap above 32GB virtual address.
# This output file may be truncated or incomplete.
#
#  Out of Memory Error (os_windows.cpp:3825), pid=7604, tid=22988
#
# JRE version:  (17.0.10) (build )
# Java VM: OpenJDK 64-Bit Server VM (17.0.10+0--11609105, mixed mode, sharing, tiered, compressed oops, compressed class ptrs, g1 gc, windows-amd64)
# No core dump will be written. Minidumps are not enabled by default on client versions of Windows
#

---------------  S U M M A R Y ------------

Command Line: git4idea.http.GitAskPassApp Username for 'https://github.com': 

Host: AMD Ryzen 5 5600H with Radeon Graphics         , 12 cores, 15G,  Windows 11 , 64 bit Build 22621 (10.0.22621.3672)
Time: Sat Jun 22 21:13:43 2024 W. Europe Summer Time elapsed time: 0.009323 seconds (0d 0h 0m 0s)

---------------  T H R E A D  ---------------

Current thread (0x000002263cc2c0a0):  JavaThread "Unknown thread" [_thread_in_vm, id=22988, stack(0x0000008ffbe00000,0x0000008ffbf00000)]

Stack: [0x0000008ffbe00000,0x0000008ffbf00000]
Native frames: (J=compiled Java code, j=interpreted, Vv=VM code, C=native code)
V  [jvm.dll+0x688de9]
V  [jvm.dll+0x8423da]
V  [jvm.dll+0x84401e]
V  [jvm.dll+0x844683]
V  [jvm.dll+0x24be0f]
V  [jvm.dll+0x685bb9]
V  [jvm.dll+0x67a46a]
V  [jvm.dll+0x30cbab]
V  [jvm.dll+0x314056]
V  [jvm.dll+0x363dce]
V  [jvm.dll+0x363fff]
V  [jvm.dll+0x2e2978]
V  [jvm.dll+0x2e38e4]
V  [jvm.dll+0x812f71]
V  [jvm.dll+0x371c81]
V  [jvm.dll+0x7f1ac6]
V  [jvm.dll+0x3f58df]
V  [jvm.dll+0x3f7511]
C  [jli.dll+0x528f]
C  [ucrtbase.dll+0x29333]
C  [KERNEL32.DLL+0x1257d]
C  [ntdll.dll+0x5af28]


---------------  P R O C E S S  ---------------

Threads class SMR info:
_java_thread_list=0x00007ffd2c0fef58, length=0, elements={
}

Java Threads: ( => current thread )

Other Threads:
  0x000002263cc946c0 GCTaskThread "GC Thread#0" [stack: 0x0000008ffbf00000,0x0000008ffc000000] [id=17168]
  0x000002263cca7280 ConcurrentGCThread "G1 Main Marker" [stack: 0x0000008ffc000000,0x0000008ffc100000] [id=13776]
  0x000002263cca7ba0 ConcurrentGCThread "G1 Conc#0" [stack: 0x0000008ffc100000,0x0000008ffc200000] [id=8668]

[error occurred during error reporting (printing all threads), id 0xc0000005, EXCEPTION_ACCESS_VIOLATION (0xc0000005) at pc=0x00007ffd2b8b3547]

VM state: not at safepoint (not fully initialized)

VM Mutex/Monitor currently owned by a thread:  ([mutex/lock_event])
[0x000002263cc249b0] Heap_lock - owner thread: 0x000002263cc2c0a0

Heap address: 0x000000070a400000, size: 3932 MB, Compressed Oops mode: Zero based, Oop shift amount: 3

CDS archive(s) mapped at: [0x0000000000000000-0x0000000000000000-0x0000000000000000), size 0, SharedBaseAddress: 0x0000000800000000, ArchiveRelocationMode: 1.
Narrow klass base: 0x0000000000000000, Narrow klass shift: 0, Narrow klass range: 0x0

GC Precious Log:
<Empty>

Heap:
 garbage-first heap   total 0K, used 0K [0x000000070a400000, 0x0000000800000000)
  region size 2048K, 0 young (0K), 0 survivors (0K)
 Metaspace       used 0K, committed 0K, reserved 0K
  class space    used 0K, committed 0K, reserved 0K

Heap Regions: E=young(eden), S=young(survivor), O=old, HS=humongous(starts), HC=humongous(continues), CS=collection set, F=free, OA=open archive, CA=closed archive, TAMS=top-at-mark-start (previous, next)

Card table byte_map: [0x000002264fe00000,0x00000226505b0000] _byte_map_base: 0x000002264c5ae000

Marking Bits (Prev, Next): (CMBitMap*) 0x000002263cc96bf0, (CMBitMap*) 0x000002263cc96c30
 Prev Bits: [0x0000022650d60000, 0x0000022654ad0000)
 Next Bits: [0x0000022654ad0000, 0x0000022658840000)

GC Heap History (0 events):
No events

Dll operation events (1 events):
Event: 0.005 Loaded shared library D:\Android\jbr\bin\java.dll

Deoptimization events (0 events):
No events

Classes unloaded (0 events):
No events

Classes redefined (0 events):
No events

Internal exceptions (0 events):
No events

VM Operations (0 events):
No events

Events (0 events):
No events


Dynamic libraries:
0x00007ff73ff30000 - 0x00007ff73ff3a000 	D:\Android\jbr\bin\java.exe
0x00007ffd95d70000 - 0x00007ffd95f87000 	C:\Windows\SYSTEM32\ntdll.dll
0x00007ffd95560000 - 0x00007ffd95624000 	C:\Windows\System32\KERNEL32.DLL
0x00007ffd93480000 - 0x00007ffd9382c000 	C:\Windows\System32\KERNELBASE.dll
0x00007ffd93140000 - 0x00007ffd93251000 	C:\Windows\System32\ucrtbase.dll
0x00007ffd853b0000 - 0x00007ffd853c7000 	D:\Android\jbr\bin\jli.dll
0x00007ffd6cb80000 - 0x00007ffd6cb9b000 	D:\Android\jbr\bin\VCRUNTIME140.dll
0x00007ffd94790000 - 0x00007ffd9493e000 	C:\Windows\System32\USER32.dll
0x00007ffd93a80000 - 0x00007ffd93aa6000 	C:\Windows\System32\win32u.dll
0x00007ffd77b40000 - 0x00007ffd77dd3000 	C:\Windows\WinSxS\amd64_microsoft.windows.common-controls_6595b64144ccf1df_6.0.22621.3672_none_2713b9d173822955\COMCTL32.dll
0x00007ffd94580000 - 0x00007ffd945a9000 	C:\Windows\System32\GDI32.dll
0x00007ffd95400000 - 0x00007ffd954a7000 	C:\Windows\System32\msvcrt.dll
0x00007ffd93960000 - 0x00007ffd93a79000 	C:\Windows\System32\gdi32full.dll
0x00007ffd930a0000 - 0x00007ffd9313a000 	C:\Windows\System32\msvcp_win.dll
0x00007ffd95740000 - 0x00007ffd95771000 	C:\Windows\System32\IMM32.DLL
0x00007ffd8ddb0000 - 0x00007ffd8ddbc000 	D:\Android\jbr\bin\vcruntime140_1.dll
0x00007ffd7c110000 - 0x00007ffd7c19d000 	D:\Android\jbr\bin\msvcp140.dll
0x00007ffd2b5c0000 - 0x00007ffd2c243000 	D:\Android\jbr\bin\server\jvm.dll
0x00007ffd95630000 - 0x00007ffd956e2000 	C:\Windows\System32\ADVAPI32.dll
0x00007ffd951c0000 - 0x00007ffd9526a000 	C:\Windows\System32\sechost.dll
0x00007ffd93260000 - 0x00007ffd93288000 	C:\Windows\System32\bcrypt.dll
0x00007ffd95c10000 - 0x00007ffd95d25000 	C:\Windows\System32\RPCRT4.dll
0x00007ffd8db80000 - 0x00007ffd8db89000 	C:\Windows\SYSTEM32\WSOCK32.dll
0x00007ffd92910000 - 0x00007ffd9295d000 	C:\Windows\SYSTEM32\POWRPROF.dll
0x00007ffd8ce80000 - 0x00007ffd8ceb4000 	C:\Windows\SYSTEM32\WINMM.dll
0x00007ffd8c110000 - 0x00007ffd8c11a000 	C:\Windows\SYSTEM32\VERSION.dll
0x00007ffd95380000 - 0x00007ffd953f1000 	C:\Windows\System32\WS2_32.dll
0x00007ffd928f0000 - 0x00007ffd92903000 	C:\Windows\SYSTEM32\UMPDC.dll
0x00007ffd920a0000 - 0x00007ffd920b8000 	C:\Windows\SYSTEM32\kernel.appcore.dll
0x00007ffd8de50000 - 0x00007ffd8de5a000 	D:\Android\jbr\bin\jimage.dll
0x00007ffd90480000 - 0x00007ffd906b2000 	C:\Windows\SYSTEM32\DBGHELP.DLL
0x00007ffd94c70000 - 0x00007ffd94ff8000 	C:\Windows\System32\combase.dll
0x00007ffd945b0000 - 0x00007ffd94687000 	C:\Windows\System32\OLEAUT32.dll
0x00007ffd7cb00000 - 0x00007ffd7cb32000 	C:\Windows\SYSTEM32\dbgcore.DLL
0x00007ffd93290000 - 0x00007ffd9330b000 	C:\Windows\System32\bcryptPrimitives.dll
0x00007ffd8db30000 - 0x00007ffd8db55000 	D:\Android\jbr\bin\java.dll

dbghelp: loaded successfully - version: 4.0.5 - missing functions: none
symbol engine: initialized successfully - sym options: 0x614 - pdb path: .;D:\Android\jbr\bin;C:\Windows\SYSTEM32;C:\Windows\WinSxS\amd64_microsoft.windows.common-controls_6595b64144ccf1df_6.0.22621.3672_none_2713b9d173822955;D:\Android\jbr\bin\server

VM Arguments:
java_command: git4idea.http.GitAskPassApp Username for 'https://github.com': 
java_class_path (initial): D:/Android/plugins/vcs-git/lib/git4idea-rt.jar;D:/Android/lib/externalProcess-rt.jar
Launcher Type: SUN_STANDARD

[Global flags]
     intx CICompilerCount                          = 4                                         {product} {ergonomic}
     uint ConcGCThreads                            = 3                                         {product} {ergonomic}
     uint G1ConcRefinementThreads                  = 10                                        {product} {ergonomic}
   size_t G1HeapRegionSize                         = 2097152                                   {product} {ergonomic}
    uintx GCDrainStackTargetSize                   = 64                                        {product} {ergonomic}
   size_t InitialHeapSize                          = 257949696                                 {product} {ergonomic}
   size_t MarkStackSize                            = 4194304                                   {product} {ergonomic}
   size_t MaxHeapSize                              = 4123000832                                {product} {ergonomic}
   size_t MinHeapDeltaBytes                        = 2097152                                   {product} {ergonomic}
   size_t MinHeapSize                              = 8388608                                   {product} {ergonomic}
    uintx NonNMethodCodeHeapSize                   = 5839372                                {pd product} {ergonomic}
    uintx NonProfiledCodeHeapSize                  = 122909434                              {pd product} {ergonomic}
    uintx ProfiledCodeHeapSize                     = 122909434                              {pd product} {ergonomic}
    uintx ReservedCodeCacheSize                    = 251658240                              {pd product} {ergonomic}
     bool SegmentedCodeCache                       = true                                      {product} {ergonomic}
   size_t SoftMaxHeapSize                          = 4123000832                             {manageable} {ergonomic}
     bool UseCompressedClassPointers               = true                           {product lp64_product} {ergonomic}
     bool UseCompressedOops                        = true                           {product lp64_product} {ergonomic}
     bool UseG1GC                                  = true                                      {product} {ergonomic}
     bool UseLargePagesIndividualAllocation        = false                                  {pd product} {ergonomic}

Logging:
Log output configuration:
 #0: stdout all=warning uptime,level,tags
 #1: stderr all=off uptime,level,tags

Environment Variables:
PATH=C:\Program Files\Git\mingw64\libexec\git-core;C:\Program Files\Git\mingw64\libexec\git-core;C:\Program Files\Git\mingw64\bin;C:\Program Files\Git\usr\bin;C:\Users\Dennis\bin;C:\Windows\system32;C:\Windows;C:\Windows\System32\Wbem;C:\Windows\System32\WindowsPowerShell\v1.0;C:\Windows\System32\OpenSSH;C:\ProgramData\chocolatey\bin;C:\Program Files\Git\cmd;C:\Users\Dennis\AppData\Local\Microsoft\WindowsApps
USERNAME=Dennis
DISPLAY=:0.0
LC_ALL=en_US.UTF-8
TERM=xterm-256color
TMPDIR=C:\Users\Dennis\AppData\Local\Temp
OS=Windows_NT
PROCESSOR_IDENTIFIER=AMD64 Family 25 Model 80 Stepping 0, AuthenticAMD
TMP=C:\Users\Dennis\AppData\Local\Temp
TEMP=C:\Users\Dennis\AppData\Local\Temp



Periodic native trim disabled

JNI global refs:
JNI global refs: 0, weak refs: 0

JNI global refs memory usage: 0, weak refs: 0

OOME stack traces (most recent first):
Classloader memory used:


---------------  S Y S T E M  ---------------

OS:
 Windows 11 , 64 bit Build 22621 (10.0.22621.3672)
OS uptime: 7 days 9:12 hours
Hyper-V role detected

CPU: total 12 (initial active 12) (12 cores per cpu, 2 threads per core) family 25 model 80 stepping 0 microcode 0x0, cx8, cmov, fxsr, ht, mmx, 3dnowpref, sse, sse2, sse3, ssse3, sse4a, sse4.1, sse4.2, popcnt, lzcnt, tsc, tscinvbit, avx, avx2, aes, erms, clmul, bmi1, bmi2, adx, sha, fma, vzeroupper, clflush, clflushopt, hv
Processor Information for all 12 processors :
  Max Mhz: 3301, Current Mhz: 3301, Mhz Limit: 3301

Memory: 4k page, system-wide physical 15724M (1385M free)
TotalPageFile size 41877M (AvailPageFile size 25M)
current process WorkingSet (physical memory assigned to process): 11M, peak: 11M
current process commit charge ("private bytes"): 64M, peak: 310M

vm_info: OpenJDK 64-Bit Server VM (17.0.10+0--11609105) for windows-amd64 JRE (17.0.10+0--11609105), built on Mar 21 2024 19:10:56 by "androidbuild" with MS VC++ 16.10 / 16.11 (VS2019)

END.
